[0m[[0m[0mdebug[0m] [0m[0m> Exec(reload, None, None)[0m
[0m[[0m[0mdebug[0m] [0m[0m> Exec(sbtStashOnFailure, None, None)[0m
[0m[[0m[0mdebug[0m] [0m[0m> Exec(onFailure loadFailed, None, None)[0m
[0m[[0m[0mdebug[0m] [0m[0m> Exec(loadp, None, None)[0m
[0m[[0m[0minfo[0m] [0m[0mwelcome to sbt 1.8.0 (AdoptOpenJDK Java 1.8.0_292)[0m
[0m[[0m[0mdebug[0m] [0m[0m                        Load.defaultLoad until apply took 2.3736ms[0m
[0m[[0m[0mdebug[0m] [0m[0m                                  Load.loadUnit: plugins took 24.1912ms[0m
[0m[[0m[0mdebug[0m] [0m[0m                                  Load.loadUnit: defsScala took 0.0084ms[0m
[0m[[0m[0mdebug[0m] [0m[0m[Loading] Scanning directory C:\Users\cheik\Scala\wikipages\project[0m
[0m[[0m[0mdebug[0m] [0m[0m[Loading] Found non-root projects [0m
[0m[[0m[0mdebug[0m] [0m[0m[Loading] Done in C:\Users\cheik\Scala\wikipages\project, returning: ()[0m
[0m[[0m[0mdebug[0m] [0m[0mdeducing auto plugins based on known facts Set(Atom(sbt.plugins.CorePlugin)) and clauses Clauses(Clause(Atom(sbt.plugins.JvmPlugin),Set(Atom(sbt.plugins.IvyPlugin)))[0m
[0m[[0m[0mdebug[0m] [0m[0mClause(Atom(sbt.ScriptedPlugin),Set(Atom(sbt.plugins.JvmPlugin)))[0m
[0m[[0m[0mdebug[0m] [0m[0mClause(Atom(sbt.plugins.SbtPlugin),Set(Atom(sbt.ScriptedPlugin)))[0m
[0m[[0m[0mdebug[0m] [0m[0mClause(Atom(sbt.plugins.SemanticdbPlugin),Set(Atom(sbt.plugins.JvmPlugin)))[0m
[0m[[0m[0mdebug[0m] [0m[0mClause(Atom(sbt.plugins.JUnitXmlReportPlugin),Set(Atom(sbt.plugins.JvmPlugin)))[0m
[0m[[0m[0mdebug[0m] [0m[0mClause(Atom(sbt.plugins.MiniDependencyTreePlugin),Set(Atom(sbt.plugins.JvmPlugin)))[0m
[0m[[0m[0mdebug[0m] [0m[0mClause(Atom(sbt.plugins.CorePlugin),Set(Atom(sbt.plugins.IvyPlugin)))[0m
[0m[[0m[0mdebug[0m] [0m[0mClause(Atom(sbt.plugins.IvyPlugin),Set(Atom(sbt.plugins.JvmPlugin)))[0m
[0m[[0m[0mdebug[0m] [0m[0mClause(Atom(sbt.plugins.JvmPlugin),Set(Atom(sbt.plugins.SemanticdbPlugin)))[0m
[0m[[0m[0mdebug[0m] [0m[0mClause(Atom(sbt.plugins.JvmPlugin),Set(Atom(sbt.plugins.JUnitXmlReportPlugin)))[0m
[0m[[0m[0mdebug[0m] [0m[0mClause(Atom(sbt.plugins.CorePlugin),Set(Atom(sbt.plugins.Giter8TemplatePlugin)))[0m
[0m[[0m[0mdebug[0m] [0m[0mClause(Atom(sbt.plugins.JvmPlugin),Set(Atom(sbt.plugins.MiniDependencyTreePlugin))))[0m
[0m[[0m[0mdebug[0m] [0m[0m  :: deduced result: Matched(sbt.plugins.CorePlugin,sbt.plugins.Giter8TemplatePlugin,sbt.plugins.IvyPlugin,sbt.plugins.JvmPlugin,sbt.plugins.MiniDependencyTreePlugin,sbt.plugins.JUnitXmlReportPlugin,sbt.plugins.SemanticdbPlugin)[0m
[0m[[0m[0mdebug[0m] [0m[0mPlugins.deducer#function took 2.2336 ms[0m
[0m[[0m[0mdebug[0m] [0m[0m                                      Load.resolveProject(wikipages-build) took 1.488ms[0m
[0m[[0m[0mdebug[0m] [0m[0m                                    Load.loadTransitive: finalizeProject(Project(id wikipages-build, base: C:\Users\cheik\Scala\wikipages\project, plugins: List(<none>))) took 4.354ms[0m
[0m[[0m[0mdebug[0m] [0m[0m[Loading] Done in C:\Users\cheik\Scala\wikipages\project, returning: (wikipages-build)[0m
[0m[[0m[0mdebug[0m] [0m[0m                                  Load.loadUnit: loadedProjectsRaw took 6.2032ms[0m
[0m[[0m[0mdebug[0m] [0m[0m                                  Load.loadUnit: cleanEvalClasses took 0.0098ms[0m
[0m[[0m[0mdebug[0m] [0m[0m                                Load.loadUnit(file:/C:/Users/cheik/Scala/wikipages/project/, ...) took 31.7206ms[0m
[0m[[0m[0mdebug[0m] [0m[0m                              Load.apply: load took 33.0324ms[0m
[0m[[0m[0mdebug[0m] [0m[0m                              Load.apply: resolveProjects took 0.1096ms[0m
[0m[[0m[0mdebug[0m] [0m[0m                              Load.apply: finalTransforms took 4.981ms[0m
[0m[[0m[0mdebug[0m] [0m[0m                              Load.apply: config.delegates took 0.3174ms[0m
[0m[[0m[0mdebug[0m] [0m[0m                              Load.apply: Def.make(settings)... took 47.7308ms[0m
[0m[[0m[0mdebug[0m] [0m[0m                              Load.apply: structureIndex took 18.3197ms[0m
[0m[[0m[0mdebug[0m] [0m[0m                              Load.apply: mkStreams took 0.0039ms[0m
[0m[[0m[0minfo[0m] [0m[0mloading project definition from C:\Users\cheik\Scala\wikipages\project[0m
[0m[[0m[0mdebug[0m] [0m[0mRunning task... Cancel: Signal, check cycles: false, forcegc: true[0m
[0m[[0m[0mdebug[0m] [0m[0m                            Load.loadUnit: plugins took 285.1525ms[0m
[0m[[0m[0mdebug[0m] [0m[0m                            Load.loadUnit: defsScala took 0.0052ms[0m
[0m[[0m[0mdebug[0m] [0m[0m[Loading] Scanning directory C:\Users\cheik\Scala\wikipages[0m
[0m[[0m[0mdebug[0m] [0m[0m                              Load.loadUnit: mkEval took 0.3842ms[0m
[0m[[0m[31merror[0m] [0m[0mType error in expression[0m
[0m[[0m[0mdebug[0m] [0m[0m> Exec(loadFailed, None, None)[0m
[0m[[0m[33mwarn[0m] [0m[0mProject loading failed: (r)etry, (q)uit, (l)ast, or (i)gnore? (default: r)[0m
