[0m[[0m[0mdebug[0m] [0m[0m> Exec(reload, None, None)[0m
[0m[[0m[0mdebug[0m] [0m[0m> Exec(sbtStashOnFailure, None, None)[0m
[0m[[0m[0mdebug[0m] [0m[0m> Exec(onFailure loadFailed, None, None)[0m
[0m[[0m[0mdebug[0m] [0m[0m> Exec(loadp, None, None)[0m
[0m[[0m[0minfo[0m] [0m[0mwelcome to sbt 1.8.0 (AdoptOpenJDK Java 1.8.0_292)[0m
[0m[[0m[0mdebug[0m] [0m[0m                                                      Load.defaultLoad until apply took 2.3676ms[0m
[0m[[0m[0mdebug[0m] [0m[0m                                                                Load.loadUnit: plugins took 22.6289ms[0m
[0m[[0m[0mdebug[0m] [0m[0m                                                                Load.loadUnit: defsScala took 0.0064ms[0m
[0m[[0m[0mdebug[0m] [0m[0m[Loading] Scanning directory C:\Users\cheik\Scala\wikipages\project[0m
[0m[[0m[0mdebug[0m] [0m[0m[Loading] Found non-root projects [0m
[0m[[0m[0mdebug[0m] [0m[0m[Loading] Done in C:\Users\cheik\Scala\wikipages\project, returning: ()[0m
[0m[[0m[0mdebug[0m] [0m[0mdeducing auto plugins based on known facts Set(Atom(sbt.plugins.CorePlugin)) and clauses Clauses(Clause(Atom(sbt.plugins.JvmPlugin),Set(Atom(sbt.plugins.IvyPlugin)))[0m
[0m[[0m[0mdebug[0m] [0m[0mClause(Atom(sbt.ScriptedPlugin),Set(Atom(sbt.plugins.JvmPlugin)))[0m
[0m[[0m[0mdebug[0m] [0m[0mClause(Atom(sbt.plugins.SbtPlugin),Set(Atom(sbt.ScriptedPlugin)))[0m
[0m[[0m[0mdebug[0m] [0m[0mClause(Atom(sbt.plugins.SemanticdbPlugin),Set(Atom(sbt.plugins.JvmPlugin)))[0m
[0m[[0m[0mdebug[0m] [0m[0mClause(Atom(sbt.plugins.JUnitXmlReportPlugin),Set(Atom(sbt.plugins.JvmPlugin)))[0m
[0m[[0m[0mdebug[0m] [0m[0mClause(Atom(sbt.plugins.MiniDependencyTreePlugin),Set(Atom(sbt.plugins.JvmPlugin)))[0m
[0m[[0m[0mdebug[0m] [0m[0mClause(Atom(sbt.plugins.CorePlugin),Set(Atom(sbt.plugins.IvyPlugin)))[0m
[0m[[0m[0mdebug[0m] [0m[0mClause(Atom(sbt.plugins.IvyPlugin),Set(Atom(sbt.plugins.JvmPlugin)))[0m
[0m[[0m[0mdebug[0m] [0m[0mClause(Atom(sbt.plugins.JvmPlugin),Set(Atom(sbt.plugins.SemanticdbPlugin)))[0m
[0m[[0m[0mdebug[0m] [0m[0mClause(Atom(sbt.plugins.JvmPlugin),Set(Atom(sbt.plugins.JUnitXmlReportPlugin)))[0m
[0m[[0m[0mdebug[0m] [0m[0mClause(Atom(sbt.plugins.CorePlugin),Set(Atom(sbt.plugins.Giter8TemplatePlugin)))[0m
[0m[[0m[0mdebug[0m] [0m[0mClause(Atom(sbt.plugins.JvmPlugin),Set(Atom(sbt.plugins.MiniDependencyTreePlugin))))[0m
[0m[[0m[0mdebug[0m] [0m[0m  :: deduced result: Matched(sbt.plugins.CorePlugin,sbt.plugins.Giter8TemplatePlugin,sbt.plugins.IvyPlugin,sbt.plugins.JvmPlugin,sbt.plugins.MiniDependencyTreePlugin,sbt.plugins.JUnitXmlReportPlugin,sbt.plugins.SemanticdbPlugin)[0m
[0m[[0m[0mdebug[0m] [0m[0mPlugins.deducer#function took 0.9603 ms[0m
[0m[[0m[0mdebug[0m] [0m[0m                                                                    Load.resolveProject(wikipages-build) took 1.1532ms[0m
[0m[[0m[0mdebug[0m] [0m[0m                                                                  Load.loadTransitive: finalizeProject(Project(id wikipages-build, base: C:\Users\cheik\Scala\wikipages\project, plugins: List(<none>))) took 2.6147ms[0m
[0m[[0m[0mdebug[0m] [0m[0m[Loading] Done in C:\Users\cheik\Scala\wikipages\project, returning: (wikipages-build)[0m
[0m[[0m[0mdebug[0m] [0m[0m                                                                Load.loadUnit: loadedProjectsRaw took 3.9713ms[0m
[0m[[0m[0mdebug[0m] [0m[0m                                                                Load.loadUnit: cleanEvalClasses took 0.008ms[0m
[0m[[0m[0mdebug[0m] [0m[0m                                                              Load.loadUnit(file:/C:/Users/cheik/Scala/wikipages/project/, ...) took 27.7952ms[0m
[0m[[0m[0mdebug[0m] [0m[0m                                                            Load.apply: load took 28.8569ms[0m
[0m[[0m[0mdebug[0m] [0m[0m                                                            Load.apply: resolveProjects took 0.1178ms[0m
[0m[[0m[0mdebug[0m] [0m[0m                                                            Load.apply: finalTransforms took 4.5505ms[0m
[0m[[0m[0mdebug[0m] [0m[0m                                                            Load.apply: config.delegates took 0.2548ms[0m
[0m[[0m[0mdebug[0m] [0m[0m                                                            Load.apply: Def.make(settings)... took 36.3943ms[0m
[0m[[0m[0mdebug[0m] [0m[0m                                                            Load.apply: structureIndex took 15.5507ms[0m
[0m[[0m[0mdebug[0m] [0m[0m                                                            Load.apply: mkStreams took 0.004ms[0m
[0m[[0m[0minfo[0m] [0m[0mloading project definition from C:\Users\cheik\Scala\wikipages\project[0m
[0m[[0m[0mdebug[0m] [0m[0mRunning task... Cancel: Signal, check cycles: false, forcegc: true[0m
[0m[[0m[0mdebug[0m] [0m[0m                                                          Load.loadUnit: plugins took 200.6974ms[0m
[0m[[0m[0mdebug[0m] [0m[0m                                                          Load.loadUnit: defsScala took 0.0037ms[0m
[0m[[0m[0mdebug[0m] [0m[0m[Loading] Scanning directory C:\Users\cheik\Scala\wikipages[0m
[0m[[0m[0mdebug[0m] [0m[0m                                                            Load.loadUnit: mkEval took 0.5075ms[0m
